2020-05-30 13:40:55.900  INFO 22236 --- [main] c.m.measurement.MeasurementApplication   : Starting MeasurementApplication on MMs-MacBook-Pro.local with PID 22236 (/Users/mmrahman/projects/play-safe-cpt/measurement/target/classes started by mmrahman in /Users/mmrahman/projects/play-safe-cpt)
2020-05-30 13:40:55.903  INFO 22236 --- [main] c.m.measurement.MeasurementApplication   : No active profile set, falling back to default profiles: default
2020-05-30 13:40:56.736  INFO 22236 --- [main] o.s.b.w.embedded.tomcat.TomcatWebServer  : Tomcat initialized with port(s): 8080 (http)
2020-05-30 13:40:56.743  INFO 22236 --- [main] o.apache.catalina.core.StandardService   : Starting service [Tomcat]
2020-05-30 13:40:56.744  INFO 22236 --- [main] org.apache.catalina.core.StandardEngine  : Starting Servlet engine: [Apache Tomcat/9.0.35]
2020-05-30 13:40:56.797  INFO 22236 --- [main] o.a.c.c.C.[Tomcat].[localhost].[/]       : Initializing Spring embedded WebApplicationContext
2020-05-30 13:40:56.797  INFO 22236 --- [main] o.s.web.context.ContextLoader            : Root WebApplicationContext: initialization completed in 851 ms
2020-05-30 13:40:56.922  INFO 22236 --- [main] o.s.s.concurrent.ThreadPoolTaskExecutor  : Initializing ExecutorService 'applicationTaskExecutor'
2020-05-30 13:40:57.061  INFO 22236 --- [main] o.s.b.w.embedded.tomcat.TomcatWebServer  : Tomcat started on port(s): 8080 (http) with context path ''
2020-05-30 13:40:57.073  INFO 22236 --- [main] c.m.measurement.MeasurementApplication   : Started MeasurementApplication in 1.498 seconds (JVM running for 2.17)
2020-05-30 13:52:02.761  INFO 22236 --- [SpringContextShutdownHook] o.s.s.concurrent.ThreadPoolTaskExecutor  : Shutting down ExecutorService 'applicationTaskExecutor'
2020-05-30 13:52:09.438  INFO 22573 --- [main] c.m.measurement.MeasurementApplication   : Starting MeasurementApplication on MMs-MacBook-Pro.local with PID 22573 (/Users/mmrahman/projects/play-safe-cpt/measurement/target/classes started by mmrahman in /Users/mmrahman/projects/play-safe-cpt)
2020-05-30 13:52:09.440  INFO 22573 --- [main] c.m.measurement.MeasurementApplication   : No active profile set, falling back to default profiles: default
2020-05-30 13:52:10.309  INFO 22573 --- [main] o.s.b.w.embedded.tomcat.TomcatWebServer  : Tomcat initialized with port(s): 8080 (http)
2020-05-30 13:52:10.324  INFO 22573 --- [main] o.apache.catalina.core.StandardService   : Starting service [Tomcat]
2020-05-30 13:52:10.324  INFO 22573 --- [main] org.apache.catalina.core.StandardEngine  : Starting Servlet engine: [Apache Tomcat/9.0.35]
2020-05-30 13:52:10.388  INFO 22573 --- [main] o.a.c.c.C.[Tomcat].[localhost].[/]       : Initializing Spring embedded WebApplicationContext
2020-05-30 13:52:10.389  INFO 22573 --- [main] o.s.web.context.ContextLoader            : Root WebApplicationContext: initialization completed in 917 ms
2020-05-30 13:52:10.515  INFO 22573 --- [main] o.s.s.concurrent.ThreadPoolTaskExecutor  : Initializing ExecutorService 'applicationTaskExecutor'
2020-05-30 13:52:10.644  INFO 22573 --- [main] o.s.b.w.embedded.tomcat.TomcatWebServer  : Tomcat started on port(s): 8080 (http) with context path ''
2020-05-30 13:52:10.653  INFO 22573 --- [main] c.m.measurement.MeasurementApplication   : Started MeasurementApplication in 1.491 seconds (JVM running for 2.124)
2020-05-30 13:56:42.245  INFO 22573 --- [SpringContextShutdownHook] o.s.s.concurrent.ThreadPoolTaskExecutor  : Shutting down ExecutorService 'applicationTaskExecutor'
2020-05-30 13:56:45.956  INFO 22610 --- [main] c.m.measurement.MeasurementApplication   : Starting MeasurementApplication on MMs-MacBook-Pro.local with PID 22610 (/Users/mmrahman/projects/play-safe-cpt/measurement/target/classes started by mmrahman in /Users/mmrahman/projects/play-safe-cpt)
2020-05-30 13:56:45.959  INFO 22610 --- [main] c.m.measurement.MeasurementApplication   : No active profile set, falling back to default profiles: default
2020-05-30 13:56:46.785  INFO 22610 --- [main] o.s.b.w.embedded.tomcat.TomcatWebServer  : Tomcat initialized with port(s): 8080 (http)
2020-05-30 13:56:46.794  INFO 22610 --- [main] o.apache.catalina.core.StandardService   : Starting service [Tomcat]
2020-05-30 13:56:46.794  INFO 22610 --- [main] org.apache.catalina.core.StandardEngine  : Starting Servlet engine: [Apache Tomcat/9.0.35]
2020-05-30 13:56:46.852  INFO 22610 --- [main] o.a.c.c.C.[Tomcat].[localhost].[/]       : Initializing Spring embedded WebApplicationContext
2020-05-30 13:56:46.852  INFO 22610 --- [main] o.s.web.context.ContextLoader            : Root WebApplicationContext: initialization completed in 839 ms
2020-05-30 13:56:46.988  INFO 22610 --- [main] o.s.s.concurrent.ThreadPoolTaskExecutor  : Initializing ExecutorService 'applicationTaskExecutor'
2020-05-30 13:56:47.107  INFO 22610 --- [main] o.s.b.w.embedded.tomcat.TomcatWebServer  : Tomcat started on port(s): 8080 (http) with context path ''
2020-05-30 13:56:47.116  INFO 22610 --- [main] c.m.measurement.MeasurementApplication   : Started MeasurementApplication in 1.475 seconds (JVM running for 2.089)
